<?xml version="1.0" encoding="UTF-8"?>
<!-- Generated by org.testng.reporters.JUnitReportReporter -->
<testsuite hostname="Ruba-PC" name="cse.maven.sample.NICInterpreterTest" tests="5" failures="0" timestamp="12 Sep 2013 04:24:28 GMT" time="0.399" errors="0">
  <testcase name="createNICTest3" time="0.001" classname="cse.maven.sample.NICInterpreterTest"/>
  <testcase name="createNICTest5" time="0.001" classname="cse.maven.sample.NICInterpreterTest"/>
  <testcase name="createNICTest2" time="0.002" classname="cse.maven.sample.NICInterpreterTest"/>
  <testcase name="createNICTest1" time="0.394" classname="cse.maven.sample.NICInterpreterTest"/>
  <testcase name="createNICTest4" time="0.001" classname="cse.maven.sample.NICInterpreterTest"/>
</testsuite> <!-- cse.maven.sample.NICInterpreterTest -->
